{
  "timestamp": "2025-10-26T10:47:23.732Z",
  "level": "info",
  "event": "refactor_init",
  "data": {
    "config": {
      "discovery": {
        "targetPath": ".",
        "includePatterns": [
          "**/*.js",
          "**/*.jsx",
          "**/*.mjs",
          "**/*.cjs"
        ],
        "excludePatterns": [
          "node_modules",
          "dist",
          ".git",
          "coverage",
          "build"
        ],
        "useGitignore": true
      },
      "analysis": {
        "maxWorkers": 4,
        "workerTimeout": 30000,
        "enableCKG": true,
        "extractNodes": true,
        "extractEdges": true
      },
      "suggestions": {
        "enableHeuristics": true,
        "enableLLM": true,
        "llmModel": "z-ai/glm-4.6:exacto",
        "confidenceThreshold": 0.7,
        "maxBatchSize": 10,
        "enableCache": true
      },
      "transformation": {
        "enableCrossModule": true,
        "enableConflictResolution": true,
        "backupFiles": true,
        "validateRenames": true
      },
      "vcs": {
        "enabled": true,
        "autoBranch": true,
        "branchPrefix": "refactor/",
        "requireClean": true
      },
      "logging": {
        "level": "info",
        "enableFileLogging": true,
        "logFile": "refactor.log",
        "enableConsole": true,
        "structured": true
      },
      "performance": {
        "enableMetrics": true,
        "enableProfiling": false,
        "memoryLimit": "1GB"
      }
    }
  }
}
Options: {
  [0mtargetPath[2m:[0m [0m[32m[0m[32m"/home/lguzzon/DEVs/GITs/GITHUBs/gdb/_WIP/_JSs/"[0m[0m[0m[2m,[0m
  [0mdryRun[2m:[0m [0m[33mfalse[0m[0m[2m,[0m
  [0minteractive[2m:[0m [0m[33mfalse[0m[0m[2m,[0m
  [0mverbose[2m:[0m [0m[33mfalse[0m[0m[2m,[0m
  [0mjson[2m:[0m [0m[33mfalse[0m[0m[2m,[0m
  [0mconfigFile[2m:[0m [0m[33mnull[0m[0m[2m,[0m
  [0moutputFile[2m:[0m [0m[33mnull[0m[0m[2m,[0m
  [0msessionName[2m:[0m [0m[33mnull[0m[0m[2m,[0m
}
{
  "timestamp": "2025-10-26T10:58:13.512Z",
  "level": "info",
  "event": "refactor_init",
  "data": {
    "config": {
      "discovery": {
        "targetPath": ".",
        "includePatterns": [
          "**/*.js",
          "**/*.jsx",
          "**/*.mjs",
          "**/*.cjs"
        ],
        "excludePatterns": [
          "node_modules",
          "dist",
          ".git",
          "coverage",
          "build"
        ],
        "useGitignore": true
      },
      "analysis": {
        "maxWorkers": 4,
        "workerTimeout": 30000,
        "enableCKG": true,
        "extractNodes": true,
        "extractEdges": true
      },
      "suggestions": {
        "enableHeuristics": true,
        "enableLLM": true,
        "llmModel": "z-ai/glm-4.6:exacto",
        "confidenceThreshold": 0.7,
        "maxBatchSize": 10,
        "enableCache": true
      },
      "transformation": {
        "enableCrossModule": true,
        "enableConflictResolution": true,
        "backupFiles": true,
        "validateRenames": true
      },
      "vcs": {
        "enabled": true,
        "autoBranch": true,
        "branchPrefix": "refactor/",
        "requireClean": true
      },
      "logging": {
        "level": "info",
        "enableFileLogging": true,
        "logFile": "refactor.log",
        "enableConsole": true,
        "structured": true
      },
      "performance": {
        "enableMetrics": true,
        "enableProfiling": false,
        "memoryLimit": "1GB"
      }
    }
  }
}
